ERROR - 2023-06-14 02:09:36 --> mysqli_sql_exception: You have an error in your SQL syntax; check the manual that corresponds to your MariaDB server version for the right syntax to use near 'IN T(5) UNSIGNED NOT NULL,
	`name` VARCHAR(100) NOT NULL,
	`phone` VARCHAR(10...' at line 2 in C:\Users\Ganz\Desktop\SB2\SBGanes\vendor\codeigniter4\framework\system\Database\MySQLi\Connection.php:295
Stack trace:
#0 C:\Users\Ganz\Desktop\SB2\SBGanes\vendor\codeigniter4\framework\system\Database\MySQLi\Connection.php(295): mysqli->query('CREATE TABLE `c...', 0)
#1 C:\Users\Ganz\Desktop\SB2\SBGanes\vendor\codeigniter4\framework\system\Database\BaseConnection.php(692): CodeIgniter\Database\MySQLi\Connection->execute('CREATE TABLE `c...')
#2 C:\Users\Ganz\Desktop\SB2\SBGanes\vendor\codeigniter4\framework\system\Database\BaseConnection.php(606): CodeIgniter\Database\BaseConnection->simpleQuery('CREATE TABLE `c...')
#3 C:\Users\Ganz\Desktop\SB2\SBGanes\vendor\codeigniter4\framework\system\Database\Forge.php(546): CodeIgniter\Database\BaseConnection->query('CREATE TABLE `c...')
#4 C:\Users\Ganz\Desktop\SB2\SBGanes\app\Database\Migrations\2023-06-14-020249_Contact.php(19): CodeIgniter\Database\Forge->createTable('contacts', true)
#5 C:\Users\Ganz\Desktop\SB2\SBGanes\vendor\codeigniter4\framework\system\Database\MigrationRunner.php(877): App\Database\Migrations\Contact->up()
#6 C:\Users\Ganz\Desktop\SB2\SBGanes\vendor\codeigniter4\framework\system\Database\MigrationRunner.php(188): CodeIgniter\Database\MigrationRunner->migrate('up', Object(stdClass))
#7 C:\Users\Ganz\Desktop\SB2\SBGanes\vendor\codeigniter4\framework\system\Commands\Database\Migrate.php(84): CodeIgniter\Database\MigrationRunner->latest(NULL)
#8 C:\Users\Ganz\Desktop\SB2\SBGanes\vendor\codeigniter4\framework\system\CLI\Commands.php(65): CodeIgniter\Commands\Database\Migrate->run(Array)
#9 C:\Users\Ganz\Desktop\SB2\SBGanes\vendor\codeigniter4\framework\system\CLI\Console.php(37): CodeIgniter\CLI\Commands->run('migrate', Array)
#10 C:\Users\Ganz\Desktop\SB2\SBGanes\spark(97): CodeIgniter\CLI\Console->run()
#11 {main}
ERROR - 2023-06-14 02:13:38 --> mysqli_sql_exception: You have an error in your SQL syntax; check the manual that corresponds to your MariaDB server version for the right syntax to use near 'IN T(5) UNSIGNED NOT NULL,
	`name` VARCHAR(100) NOT NULL,
	`phone` VARCHAR(10...' at line 2 in C:\Users\Ganz\Desktop\SB2\SBGanes\vendor\codeigniter4\framework\system\Database\MySQLi\Connection.php:295
Stack trace:
#0 C:\Users\Ganz\Desktop\SB2\SBGanes\vendor\codeigniter4\framework\system\Database\MySQLi\Connection.php(295): mysqli->query('CREATE TABLE `c...', 0)
#1 C:\Users\Ganz\Desktop\SB2\SBGanes\vendor\codeigniter4\framework\system\Database\BaseConnection.php(692): CodeIgniter\Database\MySQLi\Connection->execute('CREATE TABLE `c...')
#2 C:\Users\Ganz\Desktop\SB2\SBGanes\vendor\codeigniter4\framework\system\Database\BaseConnection.php(606): CodeIgniter\Database\BaseConnection->simpleQuery('CREATE TABLE `c...')
#3 C:\Users\Ganz\Desktop\SB2\SBGanes\vendor\codeigniter4\framework\system\Database\Forge.php(546): CodeIgniter\Database\BaseConnection->query('CREATE TABLE `c...')
#4 C:\Users\Ganz\Desktop\SB2\SBGanes\app\Database\Migrations\2023-06-14-021251_Contact.php(26): CodeIgniter\Database\Forge->createTable('contacts', true)
#5 C:\Users\Ganz\Desktop\SB2\SBGanes\vendor\codeigniter4\framework\system\Database\MigrationRunner.php(877): App\Database\Migrations\Contact->up()
#6 C:\Users\Ganz\Desktop\SB2\SBGanes\vendor\codeigniter4\framework\system\Database\MigrationRunner.php(188): CodeIgniter\Database\MigrationRunner->migrate('up', Object(stdClass))
#7 C:\Users\Ganz\Desktop\SB2\SBGanes\vendor\codeigniter4\framework\system\Commands\Database\Migrate.php(84): CodeIgniter\Database\MigrationRunner->latest(NULL)
#8 C:\Users\Ganz\Desktop\SB2\SBGanes\vendor\codeigniter4\framework\system\CLI\Commands.php(65): CodeIgniter\Commands\Database\Migrate->run(Array)
#9 C:\Users\Ganz\Desktop\SB2\SBGanes\vendor\codeigniter4\framework\system\CLI\Console.php(37): CodeIgniter\CLI\Commands->run('migrate', Array)
#10 C:\Users\Ganz\Desktop\SB2\SBGanes\spark(97): CodeIgniter\CLI\Console->run()
#11 {main}
INFO - 2023-06-14 02:37:19 --> Session: Class initialized using 'CodeIgniter\Session\Handlers\FileHandler' driver.
INFO - 2023-06-14 02:37:32 --> Session: Class initialized using 'CodeIgniter\Session\Handlers\FileHandler' driver.
INFO - 2023-06-14 02:37:40 --> Session: Class initialized using 'CodeIgniter\Session\Handlers\FileHandler' driver.
INFO - 2023-06-14 02:37:47 --> Session: Class initialized using 'CodeIgniter\Session\Handlers\FileHandler' driver.
INFO - 2023-06-14 02:37:47 --> Session: Class initialized using 'CodeIgniter\Session\Handlers\FileHandler' driver.
INFO - 2023-06-14 02:37:57 --> Session: Class initialized using 'CodeIgniter\Session\Handlers\FileHandler' driver.
INFO - 2023-06-14 02:38:05 --> Session: Class initialized using 'CodeIgniter\Session\Handlers\FileHandler' driver.
INFO - 2023-06-14 02:38:05 --> Session: Class initialized using 'CodeIgniter\Session\Handlers\FileHandler' driver.
INFO - 2023-06-14 02:38:11 --> Session: Class initialized using 'CodeIgniter\Session\Handlers\FileHandler' driver.
INFO - 2023-06-14 02:38:12 --> Session: Class initialized using 'CodeIgniter\Session\Handlers\FileHandler' driver.
INFO - 2023-06-14 03:01:25 --> Session: Class initialized using 'CodeIgniter\Session\Handlers\FileHandler' driver.
INFO - 2023-06-14 03:01:31 --> Session: Class initialized using 'CodeIgniter\Session\Handlers\FileHandler' driver.
INFO - 2023-06-14 03:01:31 --> Session: Class initialized using 'CodeIgniter\Session\Handlers\FileHandler' driver.
INFO - 2023-06-14 03:03:17 --> Session: Class initialized using 'CodeIgniter\Session\Handlers\FileHandler' driver.
INFO - 2023-06-14 03:03:59 --> Session: Class initialized using 'CodeIgniter\Session\Handlers\FileHandler' driver.
INFO - 2023-06-14 03:35:57 --> Session: Class initialized using 'CodeIgniter\Session\Handlers\FileHandler' driver.
INFO - 2023-06-14 03:36:10 --> Session: Class initialized using 'CodeIgniter\Session\Handlers\FileHandler' driver.
INFO - 2023-06-14 03:36:10 --> Session: Class initialized using 'CodeIgniter\Session\Handlers\FileHandler' driver.
INFO - 2023-06-14 03:36:14 --> Session: Class initialized using 'CodeIgniter\Session\Handlers\FileHandler' driver.
INFO - 2023-06-14 03:38:09 --> Session: Class initialized using 'CodeIgniter\Session\Handlers\FileHandler' driver.
INFO - 2023-06-14 03:39:27 --> Session: Class initialized using 'CodeIgniter\Session\Handlers\FileHandler' driver.
INFO - 2023-06-14 03:40:00 --> Session: Class initialized using 'CodeIgniter\Session\Handlers\FileHandler' driver.
INFO - 2023-06-14 03:40:34 --> Session: Class initialized using 'CodeIgniter\Session\Handlers\FileHandler' driver.
INFO - 2023-06-14 03:41:28 --> Session: Class initialized using 'CodeIgniter\Session\Handlers\FileHandler' driver.
CRITICAL - 2023-06-14 03:41:31 --> Invalid file: "contacts/index.php"
in SYSTEMPATH\Exceptions\FrameworkException.php on line 33.
 1 SYSTEMPATH\View\View.php(201): CodeIgniter\Exceptions\FrameworkException::forInvalidFile('contacts/index.php')
 2 SYSTEMPATH\Common.php(1184): CodeIgniter\View\View->render('contacts/index', [], true)
 3 APPPATH\Controllers\ContactController.php(17): view('contacts/index', [...])
 4 SYSTEMPATH\CodeIgniter.php(934): App\Controllers\ContactController->index()
 5 SYSTEMPATH\CodeIgniter.php(499): CodeIgniter\CodeIgniter->runController(Object(App\Controllers\ContactController))
 6 SYSTEMPATH\CodeIgniter.php(368): CodeIgniter\CodeIgniter->handleRequest(null, Object(Config\Cache), false)
 7 FCPATH\index.php(67): CodeIgniter\CodeIgniter->run()
 8 SYSTEMPATH\Commands\Server\rewrite.php(47): require_once('C:\\Users\\Ganz\\Desktop\\SB2\\SBGanes\\public\\index.php')
INFO - 2023-06-14 03:42:33 --> Session: Class initialized using 'CodeIgniter\Session\Handlers\FileHandler' driver.
CRITICAL - 2023-06-14 03:42:36 --> Invalid file: "contacts/index.php"
in SYSTEMPATH\Exceptions\FrameworkException.php on line 33.
 1 SYSTEMPATH\View\View.php(201): CodeIgniter\Exceptions\FrameworkException::forInvalidFile('contacts/index.php')
 2 SYSTEMPATH\Common.php(1184): CodeIgniter\View\View->render('contacts/index', [], true)
 3 APPPATH\Controllers\ContactController.php(17): view('contacts/index', [...])
 4 SYSTEMPATH\CodeIgniter.php(934): App\Controllers\ContactController->index()
 5 SYSTEMPATH\CodeIgniter.php(499): CodeIgniter\CodeIgniter->runController(Object(App\Controllers\ContactController))
 6 SYSTEMPATH\CodeIgniter.php(368): CodeIgniter\CodeIgniter->handleRequest(null, Object(Config\Cache), false)
 7 FCPATH\index.php(67): CodeIgniter\CodeIgniter->run()
 8 SYSTEMPATH\Commands\Server\rewrite.php(47): require_once('C:\\Users\\Ganz\\Desktop\\SB2\\SBGanes\\public\\index.php')
INFO - 2023-06-14 03:42:42 --> Session: Class initialized using 'CodeIgniter\Session\Handlers\FileHandler' driver.
CRITICAL - 2023-06-14 03:45:32 --> Invalid file: "contacts/index.php"
in SYSTEMPATH\Exceptions\FrameworkException.php on line 33.
 1 SYSTEMPATH\View\View.php(201): CodeIgniter\Exceptions\FrameworkException::forInvalidFile('contacts/index.php')
 2 SYSTEMPATH\Common.php(1184): CodeIgniter\View\View->render('contacts/index', [], true)
 3 APPPATH\Controllers\ContactController.php(17): view('contacts/index', [...])
 4 SYSTEMPATH\CodeIgniter.php(934): App\Controllers\ContactController->index()
 5 SYSTEMPATH\CodeIgniter.php(499): CodeIgniter\CodeIgniter->runController(Object(App\Controllers\ContactController))
 6 SYSTEMPATH\CodeIgniter.php(368): CodeIgniter\CodeIgniter->handleRequest(null, Object(Config\Cache), false)
 7 FCPATH\index.php(67): CodeIgniter\CodeIgniter->run()
 8 SYSTEMPATH\Commands\Server\rewrite.php(47): require_once('C:\\Users\\Ganz\\Desktop\\SB2\\SBGanes\\public\\index.php')
INFO - 2023-06-14 03:45:36 --> Session: Class initialized using 'CodeIgniter\Session\Handlers\FileHandler' driver.
CRITICAL - 2023-06-14 03:46:21 --> Invalid file: "contacts/index.php"
in SYSTEMPATH\Exceptions\FrameworkException.php on line 33.
 1 SYSTEMPATH\View\View.php(201): CodeIgniter\Exceptions\FrameworkException::forInvalidFile('contacts/index.php')
 2 SYSTEMPATH\Common.php(1184): CodeIgniter\View\View->render('contacts/index', [], true)
 3 APPPATH\Controllers\ContactController.php(17): view('contacts/index', [...])
 4 SYSTEMPATH\CodeIgniter.php(934): App\Controllers\ContactController->index()
 5 SYSTEMPATH\CodeIgniter.php(499): CodeIgniter\CodeIgniter->runController(Object(App\Controllers\ContactController))
 6 SYSTEMPATH\CodeIgniter.php(368): CodeIgniter\CodeIgniter->handleRequest(null, Object(Config\Cache), false)
 7 FCPATH\index.php(67): CodeIgniter\CodeIgniter->run()
 8 SYSTEMPATH\Commands\Server\rewrite.php(47): require_once('C:\\Users\\Ganz\\Desktop\\SB2\\SBGanes\\public\\index.php')
INFO - 2023-06-14 03:46:24 --> Session: Class initialized using 'CodeIgniter\Session\Handlers\FileHandler' driver.
INFO - 2023-06-14 04:09:35 --> Session: Class initialized using 'CodeIgniter\Session\Handlers\FileHandler' driver.
CRITICAL - 2023-06-14 04:09:59 --> Invalid file: "contacts/index.php"
in SYSTEMPATH\Exceptions\FrameworkException.php on line 33.
 1 SYSTEMPATH\View\View.php(201): CodeIgniter\Exceptions\FrameworkException::forInvalidFile('contacts/index.php')
 2 SYSTEMPATH\Common.php(1184): CodeIgniter\View\View->render('contacts/index', [], true)
 3 APPPATH\Controllers\ContactController.php(17): view('contacts/index', [...])
 4 SYSTEMPATH\CodeIgniter.php(934): App\Controllers\ContactController->index()
 5 SYSTEMPATH\CodeIgniter.php(499): CodeIgniter\CodeIgniter->runController(Object(App\Controllers\ContactController))
 6 SYSTEMPATH\CodeIgniter.php(368): CodeIgniter\CodeIgniter->handleRequest(null, Object(Config\Cache), false)
 7 FCPATH\index.php(67): CodeIgniter\CodeIgniter->run()
 8 SYSTEMPATH\Commands\Server\rewrite.php(47): require_once('C:\\Users\\Ganz\\Desktop\\SB2\\SBGanes\\public\\index.php')
INFO - 2023-06-14 04:17:29 --> Session: Class initialized using 'CodeIgniter\Session\Handlers\FileHandler' driver.
CRITICAL - 2023-06-14 04:18:35 --> Invalid file: "contacts/index.php"
in SYSTEMPATH\Exceptions\FrameworkException.php on line 33.
 1 SYSTEMPATH\View\View.php(201): CodeIgniter\Exceptions\FrameworkException::forInvalidFile('contacts/index.php')
 2 SYSTEMPATH\Common.php(1184): CodeIgniter\View\View->render('contacts/index', [], true)
 3 APPPATH\Controllers\ContactController.php(17): view('contacts/index', [...])
 4 SYSTEMPATH\CodeIgniter.php(934): App\Controllers\ContactController->index()
 5 SYSTEMPATH\CodeIgniter.php(499): CodeIgniter\CodeIgniter->runController(Object(App\Controllers\ContactController))
 6 SYSTEMPATH\CodeIgniter.php(368): CodeIgniter\CodeIgniter->handleRequest(null, Object(Config\Cache), false)
 7 FCPATH\index.php(67): CodeIgniter\CodeIgniter->run()
 8 SYSTEMPATH\Commands\Server\rewrite.php(47): require_once('C:\\Users\\Ganz\\Desktop\\SB2\\SBGanes\\public\\index.php')
CRITICAL - 2023-06-14 04:19:00 --> Invalid file: "contacts/index.php"
in SYSTEMPATH\Exceptions\FrameworkException.php on line 33.
 1 SYSTEMPATH\View\View.php(201): CodeIgniter\Exceptions\FrameworkException::forInvalidFile('contacts/index.php')
 2 SYSTEMPATH\Common.php(1184): CodeIgniter\View\View->render('contacts/index', [], true)
 3 APPPATH\Controllers\ContactController.php(17): view('contacts/index', [...])
 4 SYSTEMPATH\CodeIgniter.php(934): App\Controllers\ContactController->index()
 5 SYSTEMPATH\CodeIgniter.php(499): CodeIgniter\CodeIgniter->runController(Object(App\Controllers\ContactController))
 6 SYSTEMPATH\CodeIgniter.php(368): CodeIgniter\CodeIgniter->handleRequest(null, Object(Config\Cache), false)
 7 FCPATH\index.php(67): CodeIgniter\CodeIgniter->run()
 8 SYSTEMPATH\Commands\Server\rewrite.php(47): require_once('C:\\Users\\Ganz\\Desktop\\SB2\\SBGanes\\public\\index.php')
CRITICAL - 2023-06-14 04:19:10 --> Invalid file: "contacts/index.php"
in SYSTEMPATH\Exceptions\FrameworkException.php on line 33.
 1 SYSTEMPATH\View\View.php(201): CodeIgniter\Exceptions\FrameworkException::forInvalidFile('contacts/index.php')
 2 SYSTEMPATH\Common.php(1184): CodeIgniter\View\View->render('contacts/index', [], true)
 3 APPPATH\Controllers\ContactController.php(17): view('contacts/index', [...])
 4 SYSTEMPATH\CodeIgniter.php(934): App\Controllers\ContactController->index()
 5 SYSTEMPATH\CodeIgniter.php(499): CodeIgniter\CodeIgniter->runController(Object(App\Controllers\ContactController))
 6 SYSTEMPATH\CodeIgniter.php(368): CodeIgniter\CodeIgniter->handleRequest(null, Object(Config\Cache), false)
 7 FCPATH\index.php(67): CodeIgniter\CodeIgniter->run()
 8 SYSTEMPATH\Commands\Server\rewrite.php(47): require_once('C:\\Users\\Ganz\\Desktop\\SB2\\SBGanes\\public\\index.php')
INFO - 2023-06-14 04:26:35 --> Session: Class initialized using 'CodeIgniter\Session\Handlers\FileHandler' driver.
CRITICAL - 2023-06-14 04:26:38 --> Invalid file: "contacts/index.php"
in SYSTEMPATH\Exceptions\FrameworkException.php on line 33.
 1 SYSTEMPATH\View\View.php(201): CodeIgniter\Exceptions\FrameworkException::forInvalidFile('contacts/index.php')
 2 SYSTEMPATH\Common.php(1184): CodeIgniter\View\View->render('contacts/index', [], true)
 3 APPPATH\Controllers\ContactController.php(17): view('contacts/index', [...])
 4 SYSTEMPATH\CodeIgniter.php(934): App\Controllers\ContactController->index()
 5 SYSTEMPATH\CodeIgniter.php(499): CodeIgniter\CodeIgniter->runController(Object(App\Controllers\ContactController))
 6 SYSTEMPATH\CodeIgniter.php(368): CodeIgniter\CodeIgniter->handleRequest(null, Object(Config\Cache), false)
 7 FCPATH\index.php(67): CodeIgniter\CodeIgniter->run()
 8 SYSTEMPATH\Commands\Server\rewrite.php(47): require_once('C:\\Users\\Ganz\\Desktop\\SB2\\SBGanes\\public\\index.php')
INFO - 2023-06-14 04:28:21 --> Session: Class initialized using 'CodeIgniter\Session\Handlers\FileHandler' driver.
CRITICAL - 2023-06-14 04:28:25 --> Invalid file: "contacts/index.php"
in SYSTEMPATH\Exceptions\FrameworkException.php on line 33.
 1 SYSTEMPATH\View\View.php(201): CodeIgniter\Exceptions\FrameworkException::forInvalidFile('contacts/index.php')
 2 SYSTEMPATH\Common.php(1184): CodeIgniter\View\View->render('contacts/index', [], true)
 3 APPPATH\Controllers\ContactController.php(17): view('contacts/index', [...])
 4 SYSTEMPATH\CodeIgniter.php(934): App\Controllers\ContactController->index()
 5 SYSTEMPATH\CodeIgniter.php(499): CodeIgniter\CodeIgniter->runController(Object(App\Controllers\ContactController))
 6 SYSTEMPATH\CodeIgniter.php(368): CodeIgniter\CodeIgniter->handleRequest(null, Object(Config\Cache), false)
 7 FCPATH\index.php(67): CodeIgniter\CodeIgniter->run()
 8 SYSTEMPATH\Commands\Server\rewrite.php(47): require_once('C:\\Users\\Ganz\\Desktop\\SB2\\SBGanes\\public\\index.php')
INFO - 2023-06-14 04:30:45 --> Session: Class initialized using 'CodeIgniter\Session\Handlers\FileHandler' driver.
INFO - 2023-06-14 04:30:49 --> Session: Class initialized using 'CodeIgniter\Session\Handlers\FileHandler' driver.
CRITICAL - 2023-06-14 04:30:49 --> Undefined array key "email"
in APPPATH\Views\contacts\index.php on line 41.
 1 APPPATH\Views\contacts\index.php(41): CodeIgniter\Debug\Exceptions->errorHandler(2, 'Undefined array key "email"', 'C:\\Users\\Ganz\\Desktop\\SB2\\SBGanes\\app\\Views\\contacts\\index.php', 41)
 2 SYSTEMPATH\View\View.php(213): include('C:\\Users\\Ganz\\Desktop\\SB2\\SBGanes\\app\\Views\\contacts\\index.php')
 3 SYSTEMPATH\View\View.php(216): CodeIgniter\View\View->CodeIgniter\View\{closure}()
 4 SYSTEMPATH\Common.php(1184): CodeIgniter\View\View->render('contacts/index', [], true)
 5 APPPATH\Controllers\ContactController.php(17): view('contacts/index', [...])
 6 SYSTEMPATH\CodeIgniter.php(934): App\Controllers\ContactController->index()
 7 SYSTEMPATH\CodeIgniter.php(499): CodeIgniter\CodeIgniter->runController(Object(App\Controllers\ContactController))
 8 SYSTEMPATH\CodeIgniter.php(368): CodeIgniter\CodeIgniter->handleRequest(null, Object(Config\Cache), false)
 9 FCPATH\index.php(67): CodeIgniter\CodeIgniter->run()
10 SYSTEMPATH\Commands\Server\rewrite.php(47): require_once('C:\\Users\\Ganz\\Desktop\\SB2\\SBGanes\\public\\index.php')
INFO - 2023-06-14 04:33:04 --> Session: Class initialized using 'CodeIgniter\Session\Handlers\FileHandler' driver.
INFO - 2023-06-14 04:33:07 --> Session: Class initialized using 'CodeIgniter\Session\Handlers\FileHandler' driver.
INFO - 2023-06-14 04:40:55 --> Session: Class initialized using 'CodeIgniter\Session\Handlers\FileHandler' driver.
INFO - 2023-06-14 04:41:06 --> Session: Class initialized using 'CodeIgniter\Session\Handlers\FileHandler' driver.
INFO - 2023-06-14 04:41:06 --> Session: Class initialized using 'CodeIgniter\Session\Handlers\FileHandler' driver.
INFO - 2023-06-14 04:45:10 --> Session: Class initialized using 'CodeIgniter\Session\Handlers\FileHandler' driver.
INFO - 2023-06-14 04:48:51 --> Session: Class initialized using 'CodeIgniter\Session\Handlers\FileHandler' driver.
INFO - 2023-06-14 04:48:53 --> Session: Class initialized using 'CodeIgniter\Session\Handlers\FileHandler' driver.
INFO - 2023-06-14 04:49:51 --> Session: Class initialized using 'CodeIgniter\Session\Handlers\FileHandler' driver.
CRITICAL - 2023-06-14 04:50:12 --> preg_match(): Compilation failed: unmatched closing parenthesis at offset 12
in SYSTEMPATH\Router\Router.php on line 419.
 1 [internal function]: CodeIgniter\Debug\Exceptions->errorHandler(2, 'preg_match(): Compilation failed: unmatched closing parenthesis at offset 12', 'C:\\Users\\Ganz\\Desktop\\SB2\\SBGanes\\vendor\\codeigniter4\\framework\\system\\Router\\Router.php', 419)
 2 SYSTEMPATH\Router\Router.php(419): preg_match('#^contact/add)$#u', 'contact/add', [])
 3 SYSTEMPATH\Router\Router.php(182): CodeIgniter\Router\Router->checkRoutes('contact/add')
 4 SYSTEMPATH\CodeIgniter.php(815): CodeIgniter\Router\Router->handle('contact/add')
 5 SYSTEMPATH\CodeIgniter.php(449): CodeIgniter\CodeIgniter->tryToRouteIt(Object(CodeIgniter\Router\RouteCollection))
 6 SYSTEMPATH\CodeIgniter.php(368): CodeIgniter\CodeIgniter->handleRequest(null, Object(Config\Cache), false)
 7 FCPATH\index.php(67): CodeIgniter\CodeIgniter->run()
 8 SYSTEMPATH\Commands\Server\rewrite.php(47): require_once('C:\\Users\\Ganz\\Desktop\\SB2\\SBGanes\\public\\index.php')
INFO - 2023-06-14 04:50:15 --> Session: Class initialized using 'CodeIgniter\Session\Handlers\FileHandler' driver.
CRITICAL - 2023-06-14 04:50:42 --> preg_match(): Compilation failed: unmatched closing parenthesis at offset 12
in SYSTEMPATH\Router\Router.php on line 419.
 1 [internal function]: CodeIgniter\Debug\Exceptions->errorHandler(2, 'preg_match(): Compilation failed: unmatched closing parenthesis at offset 12', 'C:\\Users\\Ganz\\Desktop\\SB2\\SBGanes\\vendor\\codeigniter4\\framework\\system\\Router\\Router.php', 419)
 2 SYSTEMPATH\Router\Router.php(419): preg_match('#^contact/add)$#u', 'contact/add', [])
 3 SYSTEMPATH\Router\Router.php(182): CodeIgniter\Router\Router->checkRoutes('contact/add')
 4 SYSTEMPATH\CodeIgniter.php(815): CodeIgniter\Router\Router->handle('contact/add')
 5 SYSTEMPATH\CodeIgniter.php(449): CodeIgniter\CodeIgniter->tryToRouteIt(Object(CodeIgniter\Router\RouteCollection))
 6 SYSTEMPATH\CodeIgniter.php(368): CodeIgniter\CodeIgniter->handleRequest(null, Object(Config\Cache), false)
 7 FCPATH\index.php(67): CodeIgniter\CodeIgniter->run()
 8 SYSTEMPATH\Commands\Server\rewrite.php(47): require_once('C:\\Users\\Ganz\\Desktop\\SB2\\SBGanes\\public\\index.php')
INFO - 2023-06-14 04:51:38 --> Session: Class initialized using 'CodeIgniter\Session\Handlers\FileHandler' driver.
CRITICAL - 2023-06-14 04:51:46 --> preg_match(): Compilation failed: unmatched closing parenthesis at offset 12
in SYSTEMPATH\Router\Router.php on line 419.
 1 [internal function]: CodeIgniter\Debug\Exceptions->errorHandler(2, 'preg_match(): Compilation failed: unmatched closing parenthesis at offset 12', 'C:\\Users\\Ganz\\Desktop\\SB2\\SBGanes\\vendor\\codeigniter4\\framework\\system\\Router\\Router.php', 419)
 2 SYSTEMPATH\Router\Router.php(419): preg_match('#^contact/add)$#u', 'contact/add', [])
 3 SYSTEMPATH\Router\Router.php(182): CodeIgniter\Router\Router->checkRoutes('contact/add')
 4 SYSTEMPATH\CodeIgniter.php(815): CodeIgniter\Router\Router->handle('contact/add')
 5 SYSTEMPATH\CodeIgniter.php(449): CodeIgniter\CodeIgniter->tryToRouteIt(Object(CodeIgniter\Router\RouteCollection))
 6 SYSTEMPATH\CodeIgniter.php(368): CodeIgniter\CodeIgniter->handleRequest(null, Object(Config\Cache), false)
 7 FCPATH\index.php(67): CodeIgniter\CodeIgniter->run()
 8 SYSTEMPATH\Commands\Server\rewrite.php(47): require_once('C:\\Users\\Ganz\\Desktop\\SB2\\SBGanes\\public\\index.php')
INFO - 2023-06-14 04:52:22 --> Session: Class initialized using 'CodeIgniter\Session\Handlers\FileHandler' driver.
CRITICAL - 2023-06-14 04:52:53 --> preg_match(): Compilation failed: unmatched closing parenthesis at offset 12
in SYSTEMPATH\Router\Router.php on line 419.
 1 [internal function]: CodeIgniter\Debug\Exceptions->errorHandler(2, 'preg_match(): Compilation failed: unmatched closing parenthesis at offset 12', 'C:\\Users\\Ganz\\Desktop\\SB2\\SBGanes\\vendor\\codeigniter4\\framework\\system\\Router\\Router.php', 419)
 2 SYSTEMPATH\Router\Router.php(419): preg_match('#^contact/add)$#u', 'contact/add', [])
 3 SYSTEMPATH\Router\Router.php(182): CodeIgniter\Router\Router->checkRoutes('contact/add')
 4 SYSTEMPATH\CodeIgniter.php(815): CodeIgniter\Router\Router->handle('contact/add')
 5 SYSTEMPATH\CodeIgniter.php(449): CodeIgniter\CodeIgniter->tryToRouteIt(Object(CodeIgniter\Router\RouteCollection))
 6 SYSTEMPATH\CodeIgniter.php(368): CodeIgniter\CodeIgniter->handleRequest(null, Object(Config\Cache), false)
 7 FCPATH\index.php(67): CodeIgniter\CodeIgniter->run()
 8 SYSTEMPATH\Commands\Server\rewrite.php(47): require_once('C:\\Users\\Ganz\\Desktop\\SB2\\SBGanes\\public\\index.php')
INFO - 2023-06-14 04:53:04 --> Session: Class initialized using 'CodeIgniter\Session\Handlers\FileHandler' driver.
CRITICAL - 2023-06-14 04:53:09 --> preg_match(): Compilation failed: unmatched closing parenthesis at offset 12
in SYSTEMPATH\Router\Router.php on line 419.
 1 [internal function]: CodeIgniter\Debug\Exceptions->errorHandler(2, 'preg_match(): Compilation failed: unmatched closing parenthesis at offset 12', 'C:\\Users\\Ganz\\Desktop\\SB2\\SBGanes\\vendor\\codeigniter4\\framework\\system\\Router\\Router.php', 419)
 2 SYSTEMPATH\Router\Router.php(419): preg_match('#^contact/add)$#u', 'contact/add', [])
 3 SYSTEMPATH\Router\Router.php(182): CodeIgniter\Router\Router->checkRoutes('contact/add')
 4 SYSTEMPATH\CodeIgniter.php(815): CodeIgniter\Router\Router->handle('contact/add')
 5 SYSTEMPATH\CodeIgniter.php(449): CodeIgniter\CodeIgniter->tryToRouteIt(Object(CodeIgniter\Router\RouteCollection))
 6 SYSTEMPATH\CodeIgniter.php(368): CodeIgniter\CodeIgniter->handleRequest(null, Object(Config\Cache), false)
 7 FCPATH\index.php(67): CodeIgniter\CodeIgniter->run()
 8 SYSTEMPATH\Commands\Server\rewrite.php(47): require_once('C:\\Users\\Ganz\\Desktop\\SB2\\SBGanes\\public\\index.php')
INFO - 2023-06-14 04:54:03 --> Session: Class initialized using 'CodeIgniter\Session\Handlers\FileHandler' driver.
CRITICAL - 2023-06-14 04:54:07 --> preg_match(): Compilation failed: unmatched closing parenthesis at offset 12
in SYSTEMPATH\Router\Router.php on line 419.
 1 [internal function]: CodeIgniter\Debug\Exceptions->errorHandler(2, 'preg_match(): Compilation failed: unmatched closing parenthesis at offset 12', 'C:\\Users\\Ganz\\Desktop\\SB2\\SBGanes\\vendor\\codeigniter4\\framework\\system\\Router\\Router.php', 419)
 2 SYSTEMPATH\Router\Router.php(419): preg_match('#^contact/add)$#u', 'contact/add', [])
 3 SYSTEMPATH\Router\Router.php(182): CodeIgniter\Router\Router->checkRoutes('contact/add')
 4 SYSTEMPATH\CodeIgniter.php(815): CodeIgniter\Router\Router->handle('contact/add')
 5 SYSTEMPATH\CodeIgniter.php(449): CodeIgniter\CodeIgniter->tryToRouteIt(Object(CodeIgniter\Router\RouteCollection))
 6 SYSTEMPATH\CodeIgniter.php(368): CodeIgniter\CodeIgniter->handleRequest(null, Object(Config\Cache), false)
 7 FCPATH\index.php(67): CodeIgniter\CodeIgniter->run()
 8 SYSTEMPATH\Commands\Server\rewrite.php(47): require_once('C:\\Users\\Ganz\\Desktop\\SB2\\SBGanes\\public\\index.php')
INFO - 2023-06-14 04:54:59 --> Session: Class initialized using 'CodeIgniter\Session\Handlers\FileHandler' driver.
INFO - 2023-06-14 04:55:21 --> Session: Class initialized using 'CodeIgniter\Session\Handlers\FileHandler' driver.
INFO - 2023-06-14 04:55:21 --> Session: Class initialized using 'CodeIgniter\Session\Handlers\FileHandler' driver.
INFO - 2023-06-14 04:57:36 --> Session: Class initialized using 'CodeIgniter\Session\Handlers\FileHandler' driver.
CRITICAL - 2023-06-14 04:57:52 --> preg_match(): Compilation failed: unmatched closing parenthesis at offset 12
in SYSTEMPATH\Router\Router.php on line 419.
 1 [internal function]: CodeIgniter\Debug\Exceptions->errorHandler(2, 'preg_match(): Compilation failed: unmatched closing parenthesis at offset 12', 'C:\\Users\\Ganz\\Desktop\\SB2\\SBGanes\\vendor\\codeigniter4\\framework\\system\\Router\\Router.php', 419)
 2 SYSTEMPATH\Router\Router.php(419): preg_match('#^contact/add)$#u', 'contact/add', [])
 3 SYSTEMPATH\Router\Router.php(182): CodeIgniter\Router\Router->checkRoutes('contact/add')
 4 SYSTEMPATH\CodeIgniter.php(815): CodeIgniter\Router\Router->handle('contact/add')
 5 SYSTEMPATH\CodeIgniter.php(449): CodeIgniter\CodeIgniter->tryToRouteIt(Object(CodeIgniter\Router\RouteCollection))
 6 SYSTEMPATH\CodeIgniter.php(368): CodeIgniter\CodeIgniter->handleRequest(null, Object(Config\Cache), false)
 7 FCPATH\index.php(67): CodeIgniter\CodeIgniter->run()
 8 SYSTEMPATH\Commands\Server\rewrite.php(47): require_once('C:\\Users\\Ganz\\Desktop\\SB2\\SBGanes\\public\\index.php')
INFO - 2023-06-14 04:57:55 --> Session: Class initialized using 'CodeIgniter\Session\Handlers\FileHandler' driver.
