INFO - 2023-07-07 01:11:22 --> Session: Class initialized using 'CodeIgniter\Session\Handlers\FileHandler' driver.
ERROR - 2023-07-07 01:11:37 --> Error connecting to the database: mysqli_sql_exception: No connection could be made because the target machine actively refused it in C:\Users\Ganz\Desktop\CodeIgniter\SB2\SBGanes\vendor\codeigniter4\framework\system\Database\MySQLi\Connection.php:173
Stack trace:
#0 C:\Users\Ganz\Desktop\CodeIgniter\SB2\SBGanes\vendor\codeigniter4\framework\system\Database\MySQLi\Connection.php(173): mysqli->real_connect('localhost', 'root', Object(SensitiveParameterValue), 'sbadmin2', 3306, '', 0)
#1 C:\Users\Ganz\Desktop\CodeIgniter\SB2\SBGanes\vendor\codeigniter4\framework\system\Database\BaseConnection.php(391): CodeIgniter\Database\MySQLi\Connection->connect(false)
#2 C:\Users\Ganz\Desktop\CodeIgniter\SB2\SBGanes\vendor\codeigniter4\framework\system\Database\BaseConnection.php(574): CodeIgniter\Database\BaseConnection->initialize()
#3 C:\Users\Ganz\Desktop\CodeIgniter\SB2\SBGanes\vendor\codeigniter4\framework\system\Database\BaseBuilder.php(1616): CodeIgniter\Database\BaseConnection->query('SELECT *\nFROM `...', Array, false)
#4 C:\Users\Ganz\Desktop\CodeIgniter\SB2\SBGanes\vendor\codeigniter4\framework\system\Model.php(268): CodeIgniter\Database\BaseBuilder->get()
#5 C:\Users\Ganz\Desktop\CodeIgniter\SB2\SBGanes\vendor\codeigniter4\framework\system\BaseModel.php(656): CodeIgniter\Model->doFirst()
#6 C:\Users\Ganz\Desktop\CodeIgniter\SB2\SBGanes\app\Controllers\Login.php(14): CodeIgniter\BaseModel->first()
#7 C:\Users\Ganz\Desktop\CodeIgniter\SB2\SBGanes\vendor\codeigniter4\framework\system\CodeIgniter.php(934): App\Controllers\Login->auth()
#8 C:\Users\Ganz\Desktop\CodeIgniter\SB2\SBGanes\vendor\codeigniter4\framework\system\CodeIgniter.php(499): CodeIgniter\CodeIgniter->runController(Object(App\Controllers\Login))
#9 C:\Users\Ganz\Desktop\CodeIgniter\SB2\SBGanes\vendor\codeigniter4\framework\system\CodeIgniter.php(368): CodeIgniter\CodeIgniter->handleRequest(NULL, Object(Config\Cache), false)
#10 C:\Users\Ganz\Desktop\CodeIgniter\SB2\SBGanes\public\index.php(67): CodeIgniter\CodeIgniter->run()
#11 C:\Users\Ganz\Desktop\CodeIgniter\SB2\SBGanes\vendor\codeigniter4\framework\system\Commands\Server\rewrite.php(47): require_once('C:\\Users\\Ganz\\D...')
#12 {main}

Next CodeIgniter\Database\Exceptions\DatabaseException: No connection could be made because the target machine actively refused it in C:\Users\Ganz\Desktop\CodeIgniter\SB2\SBGanes\vendor\codeigniter4\framework\system\Database\MySQLi\Connection.php:218
Stack trace:
#0 C:\Users\Ganz\Desktop\CodeIgniter\SB2\SBGanes\vendor\codeigniter4\framework\system\Database\BaseConnection.php(391): CodeIgniter\Database\MySQLi\Connection->connect(false)
#1 C:\Users\Ganz\Desktop\CodeIgniter\SB2\SBGanes\vendor\codeigniter4\framework\system\Database\BaseConnection.php(574): CodeIgniter\Database\BaseConnection->initialize()
#2 C:\Users\Ganz\Desktop\CodeIgniter\SB2\SBGanes\vendor\codeigniter4\framework\system\Database\BaseBuilder.php(1616): CodeIgniter\Database\BaseConnection->query('SELECT *\nFROM `...', Array, false)
#3 C:\Users\Ganz\Desktop\CodeIgniter\SB2\SBGanes\vendor\codeigniter4\framework\system\Model.php(268): CodeIgniter\Database\BaseBuilder->get()
#4 C:\Users\Ganz\Desktop\CodeIgniter\SB2\SBGanes\vendor\codeigniter4\framework\system\BaseModel.php(656): CodeIgniter\Model->doFirst()
#5 C:\Users\Ganz\Desktop\CodeIgniter\SB2\SBGanes\app\Controllers\Login.php(14): CodeIgniter\BaseModel->first()
#6 C:\Users\Ganz\Desktop\CodeIgniter\SB2\SBGanes\vendor\codeigniter4\framework\system\CodeIgniter.php(934): App\Controllers\Login->auth()
#7 C:\Users\Ganz\Desktop\CodeIgniter\SB2\SBGanes\vendor\codeigniter4\framework\system\CodeIgniter.php(499): CodeIgniter\CodeIgniter->runController(Object(App\Controllers\Login))
#8 C:\Users\Ganz\Desktop\CodeIgniter\SB2\SBGanes\vendor\codeigniter4\framework\system\CodeIgniter.php(368): CodeIgniter\CodeIgniter->handleRequest(NULL, Object(Config\Cache), false)
#9 C:\Users\Ganz\Desktop\CodeIgniter\SB2\SBGanes\public\index.php(67): CodeIgniter\CodeIgniter->run()
#10 C:\Users\Ganz\Desktop\CodeIgniter\SB2\SBGanes\vendor\codeigniter4\framework\system\Commands\Server\rewrite.php(47): require_once('C:\\Users\\Ganz\\D...')
#11 {main}
CRITICAL - 2023-07-07 01:11:37 --> Unable to connect to the database.
Main connection [MySQLi]: No connection could be made because the target machine actively refused it
in SYSTEMPATH\Database\BaseConnection.php on line 427.
 1 SYSTEMPATH\Database\BaseConnection.php(574): CodeIgniter\Database\BaseConnection->initialize()
 2 SYSTEMPATH\Database\BaseBuilder.php(1616): CodeIgniter\Database\BaseConnection->query('SELECT *
FROM `users`
WHERE `username` = :username:
 LIMIT 1', [...], false)
 3 SYSTEMPATH\Model.php(268): CodeIgniter\Database\BaseBuilder->get()
 4 SYSTEMPATH\BaseModel.php(656): CodeIgniter\Model->doFirst()
 5 APPPATH\Controllers\Login.php(14): CodeIgniter\BaseModel->first()
 6 SYSTEMPATH\CodeIgniter.php(934): App\Controllers\Login->auth()
 7 SYSTEMPATH\CodeIgniter.php(499): CodeIgniter\CodeIgniter->runController(Object(App\Controllers\Login))
 8 SYSTEMPATH\CodeIgniter.php(368): CodeIgniter\CodeIgniter->handleRequest(null, Object(Config\Cache), false)
 9 FCPATH\index.php(67): CodeIgniter\CodeIgniter->run()
10 SYSTEMPATH\Commands\Server\rewrite.php(47): require_once('C:\\Users\\Ganz\\Desktop\\CodeIgniter\\SB2\\SBGanes\\public\\index.php')
INFO - 2023-07-07 01:12:03 --> Session: Class initialized using 'CodeIgniter\Session\Handlers\FileHandler' driver.
INFO - 2023-07-07 01:12:07 --> Session: Class initialized using 'CodeIgniter\Session\Handlers\FileHandler' driver.
INFO - 2023-07-07 01:12:07 --> Session: Class initialized using 'CodeIgniter\Session\Handlers\FileHandler' driver.
INFO - 2023-07-07 01:12:15 --> Session: Class initialized using 'CodeIgniter\Session\Handlers\FileHandler' driver.
INFO - 2023-07-07 01:12:17 --> Session: Class initialized using 'CodeIgniter\Session\Handlers\FileHandler' driver.
INFO - 2023-07-07 01:12:23 --> Session: Class initialized using 'CodeIgniter\Session\Handlers\FileHandler' driver.
INFO - 2023-07-07 01:12:29 --> Session: Class initialized using 'CodeIgniter\Session\Handlers\FileHandler' driver.
